<?xml version="1.0" encoding="UTF-8"?>
<coverage generated="1693489185336" clover="3.2.0">
  <project timestamp="1693489185337" name="All files">
    <metrics statements="1041" coveredstatements="1023" conditionals="229" coveredconditionals="223" methods="94" coveredmethods="92" elements="1364" coveredelements="1338" complexity="0" loc="1041" ncloc="1041" packages="1" files="12" classes="12"/>
    <file name="doubly-linked-list.ts" path="C:\Profiles\Mentoring\data-structures\src\doubly-linked-list.ts">
      <metrics statements="240" coveredstatements="240" conditionals="50" coveredconditionals="50" methods="17" coveredmethods="17"/>
      <line num="1" count="1" type="stmt"/>
      <line num="2" count="1" type="stmt"/>
      <line num="3" count="20059" type="cond" truecount="1" falsecount="0"/>
      <line num="4" count="20059" type="stmt"/>
      <line num="5" count="20059" type="stmt"/>
      <line num="6" count="20059" type="stmt"/>
      <line num="7" count="20059" type="cond" truecount="1" falsecount="0"/>
      <line num="8" count="20059" type="stmt"/>
      <line num="9" count="20059" type="stmt"/>
      <line num="10" count="20059" type="stmt"/>
      <line num="11" count="20059" type="stmt"/>
      <line num="12" count="20059" type="stmt"/>
      <line num="13" count="20059" type="stmt"/>
      <line num="14" count="20059" type="stmt"/>
      <line num="15" count="20059" type="stmt"/>
      <line num="16" count="20059" type="stmt"/>
      <line num="17" count="1" type="stmt"/>
      <line num="18" count="1" type="cond" truecount="1" falsecount="0"/>
      <line num="19" count="55" type="stmt"/>
      <line num="20" count="55" type="stmt"/>
      <line num="21" count="55" type="stmt"/>
      <line num="22" count="55" type="stmt"/>
      <line num="23" count="55" type="stmt"/>
      <line num="24" count="55" type="stmt"/>
      <line num="25" count="55" type="stmt"/>
      <line num="26" count="55" type="cond" truecount="1" falsecount="0"/>
      <line num="27" count="55" type="stmt"/>
      <line num="28" count="55" type="stmt"/>
      <line num="29" count="55" type="stmt"/>
      <line num="30" count="55" type="stmt"/>
      <line num="31" count="55" type="cond" truecount="2" falsecount="0"/>
      <line num="32" count="20049" type="stmt"/>
      <line num="33" count="55" type="stmt"/>
      <line num="34" count="55" type="stmt"/>
      <line num="35" count="55" type="stmt"/>
      <line num="36" count="55" type="stmt"/>
      <line num="37" count="55" type="cond" truecount="1" falsecount="0"/>
      <line num="38" count="3" type="stmt"/>
      <line num="39" count="3" type="stmt"/>
      <line num="40" count="3" type="cond" truecount="1" falsecount="0"/>
      <line num="41" count="1" type="stmt"/>
      <line num="42" count="1" type="stmt"/>
      <line num="43" count="3" type="cond" truecount="1" falsecount="0"/>
      <line num="44" count="2" type="stmt"/>
      <line num="45" count="2" type="stmt"/>
      <line num="46" count="2" type="stmt"/>
      <line num="47" count="2" type="stmt"/>
      <line num="48" count="3" type="stmt"/>
      <line num="49" count="3" type="stmt"/>
      <line num="50" count="3" type="stmt"/>
      <line num="51" count="3" type="stmt"/>
      <line num="52" count="55" type="stmt"/>
      <line num="53" count="55" type="stmt"/>
      <line num="54" count="55" type="cond" truecount="1" falsecount="0"/>
      <line num="55" count="20051" type="stmt"/>
      <line num="56" count="20051" type="stmt"/>
      <line num="57" count="20051" type="cond" truecount="1" falsecount="0"/>
      <line num="58" count="23" type="stmt"/>
      <line num="59" count="23" type="stmt"/>
      <line num="60" count="20051" type="cond" truecount="1" falsecount="0"/>
      <line num="61" count="20028" type="stmt"/>
      <line num="62" count="20028" type="stmt"/>
      <line num="63" count="20028" type="stmt"/>
      <line num="64" count="20028" type="stmt"/>
      <line num="65" count="20051" type="stmt"/>
      <line num="66" count="20051" type="stmt"/>
      <line num="67" count="20051" type="stmt"/>
      <line num="68" count="20051" type="stmt"/>
      <line num="69" count="55" type="stmt"/>
      <line num="70" count="55" type="stmt"/>
      <line num="71" count="55" type="cond" truecount="1" falsecount="0"/>
      <line num="72" count="9" type="stmt"/>
      <line num="73" count="9" type="stmt"/>
      <line num="74" count="9" type="cond" truecount="1" falsecount="0"/>
      <line num="75" count="3" type="stmt"/>
      <line num="76" count="3" type="stmt"/>
      <line num="77" count="3" type="stmt"/>
      <line num="78" count="3" type="cond" truecount="1" falsecount="0"/>
      <line num="79" count="5" type="cond" truecount="2" falsecount="0"/>
      <line num="80" count="2" type="stmt"/>
      <line num="81" count="2" type="stmt"/>
      <line num="82" count="2" type="stmt"/>
      <line num="83" count="9" type="cond" truecount="1" falsecount="0"/>
      <line num="84" count="6" type="stmt"/>
      <line num="85" count="6" type="stmt"/>
      <line num="86" count="6" type="stmt"/>
      <line num="87" count="6" type="cond" truecount="1" falsecount="0"/>
      <line num="88" count="7" type="cond" truecount="2" falsecount="0"/>
      <line num="89" count="3" type="stmt"/>
      <line num="90" count="3" type="stmt"/>
      <line num="91" count="3" type="stmt"/>
      <line num="92" count="6" type="stmt"/>
      <line num="93" count="9" type="stmt"/>
      <line num="94" count="9" type="stmt"/>
      <line num="95" count="9" type="stmt"/>
      <line num="96" count="9" type="stmt"/>
      <line num="97" count="9" type="stmt"/>
      <line num="98" count="55" type="stmt"/>
      <line num="99" count="55" type="stmt"/>
      <line num="100" count="55" type="cond" truecount="1" falsecount="0"/>
      <line num="101" count="5" type="stmt"/>
      <line num="102" count="5" type="stmt"/>
      <line num="103" count="55" type="stmt"/>
      <line num="104" count="55" type="stmt"/>
      <line num="105" count="55" type="cond" truecount="1" falsecount="0"/>
      <line num="106" count="13" type="cond" truecount="1" falsecount="0"/>
      <line num="107" count="13" type="stmt"/>
      <line num="108" count="13" type="stmt"/>
      <line num="109" count="13" type="stmt"/>
      <line num="110" count="13" type="cond" truecount="1" falsecount="0"/>
      <line num="111" count="5" type="stmt"/>
      <line num="112" count="5" type="stmt"/>
      <line num="113" count="5" type="cond" truecount="1" falsecount="0"/>
      <line num="114" count="3" type="stmt"/>
      <line num="115" count="3" type="stmt"/>
      <line num="116" count="3" type="cond" truecount="1" falsecount="0"/>
      <line num="117" count="2" type="stmt"/>
      <line num="118" count="2" type="stmt"/>
      <line num="119" count="2" type="stmt"/>
      <line num="120" count="2" type="cond" truecount="1" falsecount="0"/>
      <line num="121" count="4" type="stmt"/>
      <line num="122" count="4" type="stmt"/>
      <line num="123" count="4" type="stmt"/>
      <line num="124" count="4" type="stmt"/>
      <line num="125" count="4" type="stmt"/>
      <line num="126" count="4" type="stmt"/>
      <line num="127" count="13" type="cond" truecount="1" falsecount="0"/>
      <line num="128" count="2" type="stmt"/>
      <line num="129" count="2" type="stmt"/>
      <line num="130" count="2" type="stmt"/>
      <line num="131" count="2" type="stmt"/>
      <line num="132" count="2" type="stmt"/>
      <line num="133" count="2" type="stmt"/>
      <line num="134" count="2" type="stmt"/>
      <line num="135" count="2" type="stmt"/>
      <line num="136" count="2" type="stmt"/>
      <line num="137" count="2" type="stmt"/>
      <line num="138" count="2" type="stmt"/>
      <line num="139" count="2" type="stmt"/>
      <line num="140" count="2" type="stmt"/>
      <line num="141" count="2" type="stmt"/>
      <line num="142" count="2" type="stmt"/>
      <line num="143" count="2" type="stmt"/>
      <line num="144" count="2" type="stmt"/>
      <line num="145" count="2" type="stmt"/>
      <line num="146" count="2" type="stmt"/>
      <line num="147" count="13" type="stmt"/>
      <line num="148" count="55" type="stmt"/>
      <line num="149" count="55" type="stmt"/>
      <line num="150" count="55" type="cond" truecount="1" falsecount="0"/>
      <line num="151" count="6" type="cond" truecount="2" falsecount="0"/>
      <line num="152" count="5" type="stmt"/>
      <line num="153" count="6" type="cond" truecount="1" falsecount="0"/>
      <line num="154" count="3" type="stmt"/>
      <line num="155" count="3" type="stmt"/>
      <line num="156" count="3" type="cond" truecount="1" falsecount="0"/>
      <line num="157" count="2" type="stmt"/>
      <line num="158" count="2" type="stmt"/>
      <line num="159" count="2" type="stmt"/>
      <line num="160" count="2" type="stmt"/>
      <line num="161" count="2" type="stmt"/>
      <line num="162" count="2" type="stmt"/>
      <line num="163" count="2" type="stmt"/>
      <line num="164" count="2" type="stmt"/>
      <line num="165" count="2" type="stmt"/>
      <line num="166" count="2" type="cond" truecount="2" falsecount="0"/>
      <line num="167" count="3" type="stmt"/>
      <line num="168" count="3" type="stmt"/>
      <line num="169" count="3" type="stmt"/>
      <line num="170" count="2" type="stmt"/>
      <line num="171" count="2" type="stmt"/>
      <line num="172" count="2" type="stmt"/>
      <line num="173" count="2" type="stmt"/>
      <line num="174" count="2" type="stmt"/>
      <line num="175" count="2" type="stmt"/>
      <line num="176" count="2" type="stmt"/>
      <line num="177" count="2" type="stmt"/>
      <line num="178" count="2" type="stmt"/>
      <line num="179" count="2" type="stmt"/>
      <line num="180" count="2" type="cond" truecount="1" falsecount="0"/>
      <line num="181" count="1" type="stmt"/>
      <line num="182" count="1" type="stmt"/>
      <line num="183" count="1" type="stmt"/>
      <line num="184" count="1" type="stmt"/>
      <line num="185" count="2" type="stmt"/>
      <line num="186" count="2" type="stmt"/>
      <line num="187" count="2" type="stmt"/>
      <line num="188" count="6" type="stmt"/>
      <line num="189" count="55" type="stmt"/>
      <line num="190" count="55" type="cond" truecount="1" falsecount="0"/>
      <line num="191" count="2" type="stmt"/>
      <line num="192" count="2" type="stmt"/>
      <line num="193" count="55" type="stmt"/>
      <line num="194" count="55" type="cond" truecount="1" falsecount="0"/>
      <line num="195" count="8" type="stmt"/>
      <line num="196" count="8" type="stmt"/>
      <line num="197" count="55" type="stmt"/>
      <line num="198" count="55" type="stmt"/>
      <line num="199" count="55" type="cond" truecount="1" falsecount="0"/>
      <line num="200" count="18" type="stmt"/>
      <line num="201" count="18" type="stmt"/>
      <line num="202" count="55" type="stmt"/>
      <line num="203" count="55" type="stmt"/>
      <line num="204" count="55" type="cond" truecount="1" falsecount="0"/>
      <line num="205" count="3" type="stmt"/>
      <line num="206" count="3" type="stmt"/>
      <line num="207" count="55" type="stmt"/>
      <line num="208" count="55" type="stmt"/>
      <line num="209" count="55" type="cond" truecount="1" falsecount="0"/>
      <line num="210" count="3" type="stmt"/>
      <line num="211" count="3" type="stmt"/>
      <line num="212" count="55" type="stmt"/>
      <line num="213" count="55" type="stmt"/>
      <line num="214" count="55" type="cond" truecount="1" falsecount="0"/>
      <line num="215" count="3" type="stmt"/>
      <line num="216" count="3" type="stmt"/>
      <line num="217" count="55" type="stmt"/>
      <line num="218" count="55" type="cond" truecount="1" falsecount="0"/>
      <line num="219" count="1" type="stmt"/>
      <line num="220" count="1" type="stmt"/>
      <line num="221" count="1" type="stmt"/>
      <line num="222" count="1" type="cond" truecount="1" falsecount="0"/>
      <line num="223" count="2" type="stmt"/>
      <line num="224" count="2" type="cond" truecount="1" falsecount="0"/>
      <line num="225" count="22" type="cond" truecount="1" falsecount="0"/>
      <line num="226" count="20" type="stmt"/>
      <line num="227" count="20" type="stmt"/>
      <line num="228" count="2" type="stmt"/>
      <line num="229" count="1" type="stmt"/>
      <line num="230" count="1" type="stmt"/>
      <line num="231" count="55" type="stmt"/>
      <line num="232" count="55" type="cond" truecount="1" falsecount="0"/>
      <line num="233" count="19" type="stmt"/>
      <line num="234" count="19" type="stmt"/>
      <line num="235" count="19" type="cond" truecount="1" falsecount="0"/>
      <line num="236" count="48" type="cond" truecount="1" falsecount="0"/>
      <line num="237" count="47" type="stmt"/>
      <line num="238" count="47" type="stmt"/>
      <line num="239" count="19" type="stmt"/>
      <line num="240" count="55" type="stmt"/>
    </file>
    <file name="graph.ts" path="C:\Profiles\Mentoring\data-structures\src\graph.ts">
      <metrics statements="164" coveredstatements="159" conditionals="29" coveredconditionals="26" methods="13" coveredmethods="13"/>
      <line num="1" count="1" type="stmt"/>
      <line num="2" count="1" type="stmt"/>
      <line num="3" count="1" type="stmt"/>
      <line num="4" count="1" type="stmt"/>
      <line num="5" count="1" type="stmt"/>
      <line num="6" count="1" type="stmt"/>
      <line num="7" count="1" type="stmt"/>
      <line num="8" count="1" type="stmt"/>
      <line num="9" count="1" type="stmt"/>
      <line num="10" count="1" type="stmt"/>
      <line num="11" count="1" type="stmt"/>
      <line num="12" count="1" type="stmt"/>
      <line num="13" count="1" type="stmt"/>
      <line num="14" count="1" type="stmt"/>
      <line num="15" count="1" type="stmt"/>
      <line num="16" count="1" type="stmt"/>
      <line num="17" count="1" type="cond" truecount="1" falsecount="0"/>
      <line num="18" count="14" type="stmt"/>
      <line num="19" count="14" type="stmt"/>
      <line num="20" count="14" type="cond" truecount="1" falsecount="0"/>
      <line num="21" count="14" type="stmt"/>
      <line num="22" count="14" type="stmt"/>
      <line num="23" count="14" type="stmt"/>
      <line num="24" count="14" type="stmt"/>
      <line num="25" count="14" type="stmt"/>
      <line num="26" count="14" type="cond" truecount="1" falsecount="0"/>
      <line num="27" count="86" type="stmt"/>
      <line num="28" count="86" type="stmt"/>
      <line num="29" count="86" type="stmt"/>
      <line num="30" count="14" type="stmt"/>
      <line num="31" count="14" type="stmt"/>
      <line num="32" count="14" type="cond" truecount="1" falsecount="0"/>
      <line num="33" count="2" type="stmt"/>
      <line num="34" count="2" type="stmt"/>
      <line num="35" count="2" type="cond" truecount="1" falsecount="0"/>
      <line num="36" count="1" type="stmt"/>
      <line num="37" count="1" type="stmt"/>
      <line num="38" count="1" type="stmt"/>
      <line num="39" count="1" type="stmt"/>
      <line num="40" count="1" type="stmt"/>
      <line num="41" count="1" type="stmt"/>
      <line num="42" count="2" type="stmt"/>
      <line num="43" count="2" type="stmt"/>
      <line num="44" count="2" type="stmt"/>
      <line num="45" count="2" type="stmt"/>
      <line num="46" count="2" type="stmt"/>
      <line num="47" count="14" type="stmt"/>
      <line num="48" count="14" type="stmt"/>
      <line num="49" count="14" type="cond" truecount="1" falsecount="0"/>
      <line num="50" count="86" type="stmt"/>
      <line num="51" count="86" type="cond" truecount="1" falsecount="0"/>
      <line num="52" count="37" type="stmt"/>
      <line num="53" count="37" type="stmt"/>
      <line num="54" count="37" type="stmt"/>
      <line num="55" count="86" type="stmt"/>
      <line num="56" count="86" type="cond" truecount="1" falsecount="0"/>
      <line num="57" count="49" type="stmt"/>
      <line num="58" count="49" type="stmt"/>
      <line num="59" count="86" type="cond" truecount="0" falsecount="1"/>
      <line num="60" count="0" type="stmt"/>
      <line num="61" count="0" type="stmt"/>
      <line num="62" count="86" type="stmt"/>
      <line num="63" count="86" type="stmt"/>
      <line num="64" count="14" type="stmt"/>
      <line num="65" count="14" type="cond" truecount="1" falsecount="0"/>
      <line num="66" count="2" type="stmt"/>
      <line num="67" count="2" type="stmt"/>
      <line num="68" count="2" type="cond" truecount="0" falsecount="1"/>
      <line num="69" count="2" type="stmt"/>
      <line num="70" count="2" type="stmt"/>
      <line num="71" count="2" type="stmt"/>
      <line num="72" count="2" type="cond" truecount="2" falsecount="0"/>
      <line num="73" count="1" type="stmt"/>
      <line num="74" count="2" type="cond" truecount="0" falsecount="1"/>
      <line num="75" count="0" type="stmt"/>
      <line num="76" count="0" type="stmt"/>
      <line num="77" count="0" type="cond" truecount="1" falsecount="0"/>
      <line num="78" count="1" type="stmt"/>
      <line num="79" count="1" type="stmt"/>
      <line num="80" count="1" type="stmt"/>
      <line num="81" count="1" type="stmt"/>
      <line num="82" count="1" type="stmt"/>
      <line num="83" count="1" type="stmt"/>
      <line num="84" count="2" type="stmt"/>
      <line num="85" count="14" type="stmt"/>
      <line num="86" count="14" type="cond" truecount="1" falsecount="0"/>
      <line num="87" count="8" type="stmt"/>
      <line num="88" count="8" type="stmt"/>
      <line num="89" count="14" type="stmt"/>
      <line num="90" count="14" type="cond" truecount="1" falsecount="0"/>
      <line num="91" count="14" type="stmt"/>
      <line num="92" count="14" type="stmt"/>
      <line num="93" count="14" type="stmt"/>
      <line num="94" count="14" type="stmt"/>
      <line num="95" count="14" type="stmt"/>
      <line num="96" count="14" type="cond" truecount="1" falsecount="0"/>
      <line num="97" count="4" type="stmt"/>
      <line num="98" count="4" type="stmt"/>
      <line num="99" count="14" type="stmt"/>
      <line num="100" count="14" type="cond" truecount="1" falsecount="0"/>
      <line num="101" count="2" type="stmt"/>
      <line num="102" count="2" type="stmt"/>
      <line num="103" count="2" type="stmt"/>
      <line num="104" count="2" type="stmt"/>
      <line num="105" count="2" type="cond" truecount="1" falsecount="0"/>
      <line num="106" count="13" type="stmt"/>
      <line num="107" count="13" type="stmt"/>
      <line num="108" count="13" type="stmt"/>
      <line num="109" count="13" type="cond" truecount="1" falsecount="0"/>
      <line num="110" count="22" type="cond" truecount="1" falsecount="0"/>
      <line num="111" count="11" type="stmt"/>
      <line num="112" count="11" type="stmt"/>
      <line num="113" count="11" type="stmt"/>
      <line num="114" count="11" type="stmt"/>
      <line num="115" count="22" type="stmt"/>
      <line num="116" count="13" type="stmt"/>
      <line num="117" count="2" type="stmt"/>
      <line num="118" count="14" type="stmt"/>
      <line num="119" count="14" type="cond" truecount="1" falsecount="0"/>
      <line num="120" count="11" type="stmt"/>
      <line num="121" count="11" type="stmt"/>
      <line num="122" count="11" type="stmt"/>
      <line num="123" count="11" type="stmt"/>
      <line num="124" count="11" type="stmt"/>
      <line num="125" count="11" type="stmt"/>
      <line num="126" count="11" type="stmt"/>
      <line num="127" count="11" type="cond" truecount="1" falsecount="0"/>
      <line num="128" count="18" type="cond" truecount="1" falsecount="0"/>
      <line num="129" count="9" type="stmt"/>
      <line num="130" count="9" type="stmt"/>
      <line num="131" count="18" type="stmt"/>
      <line num="132" count="11" type="stmt"/>
      <line num="133" count="14" type="stmt"/>
      <line num="134" count="14" type="cond" truecount="1" falsecount="0"/>
      <line num="135" count="2" type="cond" truecount="1" falsecount="0"/>
      <line num="136" count="11" type="stmt"/>
      <line num="137" count="11" type="stmt"/>
      <line num="138" count="2" type="stmt"/>
      <line num="139" count="14" type="stmt"/>
      <line num="140" count="14" type="cond" truecount="1" falsecount="0"/>
      <line num="141" count="2" type="cond" truecount="1" falsecount="0"/>
      <line num="142" count="11" type="stmt"/>
      <line num="143" count="11" type="stmt"/>
      <line num="144" count="2" type="stmt"/>
      <line num="145" count="14" type="stmt"/>
      <line num="146" count="1" type="stmt"/>
      <line num="147" count="1" type="stmt"/>
      <line num="148" count="1" type="stmt"/>
      <line num="149" count="1" type="stmt"/>
      <line num="150" count="1" type="stmt"/>
      <line num="151" count="1" type="stmt"/>
      <line num="152" count="1" type="stmt"/>
      <line num="153" count="1" type="stmt"/>
      <line num="154" count="1" type="stmt"/>
      <line num="155" count="1" type="stmt"/>
      <line num="156" count="1" type="stmt"/>
      <line num="157" count="1" type="stmt"/>
      <line num="158" count="1" type="stmt"/>
      <line num="159" count="1" type="stmt"/>
      <line num="160" count="1" type="stmt"/>
      <line num="161" count="1" type="stmt"/>
      <line num="162" count="1" type="stmt"/>
      <line num="163" count="1" type="stmt"/>
      <line num="164" count="1" type="stmt"/>
    </file>
    <file name="hanoi-tower.ts" path="C:\Profiles\Mentoring\data-structures\src\hanoi-tower.ts">
      <metrics statements="21" coveredstatements="21" conditionals="3" coveredconditionals="3" methods="1" coveredmethods="1"/>
      <line num="1" count="1" type="cond" truecount="1" falsecount="0"/>
      <line num="2" count="37" type="stmt"/>
      <line num="3" count="37" type="stmt"/>
      <line num="4" count="37" type="stmt"/>
      <line num="5" count="37" type="stmt"/>
      <line num="6" count="37" type="stmt"/>
      <line num="7" count="37" type="stmt"/>
      <line num="8" count="37" type="stmt"/>
      <line num="9" count="37" type="cond" truecount="1" falsecount="0"/>
      <line num="10" count="20" type="stmt"/>
      <line num="11" count="37" type="cond" truecount="1" falsecount="0"/>
      <line num="12" count="17" type="stmt"/>
      <line num="13" count="17" type="stmt"/>
      <line num="14" count="17" type="stmt"/>
      <line num="15" count="17" type="stmt"/>
      <line num="16" count="17" type="stmt"/>
      <line num="17" count="37" type="stmt"/>
      <line num="18" count="37" type="stmt"/>
      <line num="19" count="37" type="stmt"/>
      <line num="20" count="1" type="stmt"/>
      <line num="21" count="1" type="stmt"/>
    </file>
    <file name="hashtable.ts" path="C:\Profiles\Mentoring\data-structures\src\hashtable.ts">
      <metrics statements="58" coveredstatements="58" conditionals="16" coveredconditionals="16" methods="6" coveredmethods="6"/>
      <line num="1" count="1" type="stmt"/>
      <line num="2" count="1" type="stmt"/>
      <line num="3" count="1" type="cond" truecount="1" falsecount="0"/>
      <line num="4" count="5" type="stmt"/>
      <line num="5" count="5" type="stmt"/>
      <line num="6" count="5" type="cond" truecount="1" falsecount="0"/>
      <line num="7" count="5" type="stmt"/>
      <line num="8" count="5" type="stmt"/>
      <line num="9" count="5" type="stmt"/>
      <line num="10" count="5" type="stmt"/>
      <line num="11" count="5" type="cond" truecount="1" falsecount="0"/>
      <line num="12" count="20" type="stmt"/>
      <line num="13" count="20" type="stmt"/>
      <line num="14" count="20" type="stmt"/>
      <line num="15" count="5" type="stmt"/>
      <line num="16" count="5" type="cond" truecount="1" falsecount="0"/>
      <line num="17" count="13" type="stmt"/>
      <line num="18" count="13" type="stmt"/>
      <line num="19" count="13" type="stmt"/>
      <line num="20" count="13" type="cond" truecount="1" falsecount="0"/>
      <line num="21" count="7" type="stmt"/>
      <line num="22" count="13" type="cond" truecount="1" falsecount="0"/>
      <line num="23" count="6" type="cond" truecount="1" falsecount="0"/>
      <line num="24" count="6" type="cond" truecount="1" falsecount="0"/>
      <line num="25" count="1" type="stmt"/>
      <line num="26" count="6" type="cond" truecount="1" falsecount="0"/>
      <line num="27" count="5" type="stmt"/>
      <line num="28" count="5" type="stmt"/>
      <line num="29" count="6" type="stmt"/>
      <line num="30" count="13" type="stmt"/>
      <line num="31" count="5" type="stmt"/>
      <line num="32" count="5" type="cond" truecount="1" falsecount="0"/>
      <line num="33" count="5" type="stmt"/>
      <line num="34" count="5" type="stmt"/>
      <line num="35" count="5" type="stmt"/>
      <line num="36" count="5" type="stmt"/>
      <line num="37" count="5" type="cond" truecount="1" falsecount="0"/>
      <line num="38" count="5" type="cond" truecount="1" falsecount="0"/>
      <line num="39" count="4" type="stmt"/>
      <line num="40" count="4" type="stmt"/>
      <line num="41" count="5" type="cond" truecount="1" falsecount="0"/>
      <line num="42" count="1" type="stmt"/>
      <line num="43" count="5" type="stmt"/>
      <line num="44" count="5" type="stmt"/>
      <line num="45" count="5" type="cond" truecount="1" falsecount="0"/>
      <line num="46" count="2" type="stmt"/>
      <line num="47" count="2" type="stmt"/>
      <line num="48" count="2" type="stmt"/>
      <line num="49" count="2" type="cond" truecount="1" falsecount="0"/>
      <line num="50" count="1" type="cond" truecount="1" falsecount="0"/>
      <line num="51" count="1" type="stmt"/>
      <line num="52" count="1" type="stmt"/>
      <line num="53" count="1" type="stmt"/>
      <line num="54" count="1" type="stmt"/>
      <line num="55" count="1" type="stmt"/>
      <line num="56" count="1" type="stmt"/>
      <line num="57" count="2" type="stmt"/>
      <line num="58" count="5" type="stmt"/>
    </file>
    <file name="knapsack.ts" path="C:\Profiles\Mentoring\data-structures\src\knapsack.ts">
      <metrics statements="63" coveredstatements="63" conditionals="14" coveredconditionals="14" methods="2" coveredmethods="2"/>
      <line num="1" count="1" type="cond" truecount="1" falsecount="0"/>
      <line num="2" count="22" type="stmt"/>
      <line num="3" count="22" type="stmt"/>
      <line num="4" count="22" type="stmt"/>
      <line num="5" count="22" type="stmt"/>
      <line num="6" count="22" type="stmt"/>
      <line num="7" count="22" type="stmt"/>
      <line num="8" count="22" type="stmt"/>
      <line num="9" count="22" type="cond" truecount="2" falsecount="0"/>
      <line num="10" count="20" type="stmt"/>
      <line num="11" count="20" type="stmt"/>
      <line num="12" count="22" type="cond" truecount="1" falsecount="0"/>
      <line num="13" count="4" type="stmt"/>
      <line num="14" count="4" type="cond" truecount="1" falsecount="0"/>
      <line num="15" count="16" type="stmt"/>
      <line num="16" count="16" type="stmt"/>
      <line num="17" count="22" type="cond" truecount="2" falsecount="0"/>
      <line num="18" count="7" type="stmt"/>
      <line num="19" count="7" type="cond" truecount="1" falsecount="0"/>
      <line num="20" count="9" type="stmt"/>
      <line num="21" count="9" type="stmt"/>
      <line num="22" count="9" type="stmt"/>
      <line num="23" count="9" type="stmt"/>
      <line num="24" count="9" type="stmt"/>
      <line num="25" count="9" type="stmt"/>
      <line num="26" count="9" type="stmt"/>
      <line num="27" count="9" type="stmt"/>
      <line num="28" count="9" type="stmt"/>
      <line num="29" count="9" type="stmt"/>
      <line num="30" count="9" type="stmt"/>
      <line num="31" count="9" type="stmt"/>
      <line num="32" count="9" type="stmt"/>
      <line num="33" count="9" type="stmt"/>
      <line num="34" count="9" type="stmt"/>
      <line num="35" count="9" type="stmt"/>
      <line num="36" count="9" type="stmt"/>
      <line num="37" count="9" type="stmt"/>
      <line num="38" count="9" type="stmt"/>
      <line num="39" count="9" type="stmt"/>
      <line num="40" count="9" type="stmt"/>
      <line num="41" count="9" type="stmt"/>
      <line num="42" count="9" type="stmt"/>
      <line num="43" count="9" type="stmt"/>
      <line num="44" count="9" type="stmt"/>
      <line num="45" count="9" type="stmt"/>
      <line num="46" count="9" type="stmt"/>
      <line num="47" count="9" type="stmt"/>
      <line num="48" count="9" type="stmt"/>
      <line num="49" count="9" type="stmt"/>
      <line num="50" count="9" type="stmt"/>
      <line num="51" count="9" type="stmt"/>
      <line num="52" count="9" type="stmt"/>
      <line num="53" count="9" type="stmt"/>
      <line num="54" count="1" type="stmt"/>
      <line num="55" count="1" type="cond" truecount="1" falsecount="0"/>
      <line num="56" count="22" type="stmt"/>
      <line num="57" count="22" type="cond" truecount="2" falsecount="0"/>
      <line num="58" count="21" type="cond" truecount="1" falsecount="0"/>
      <line num="59" count="22" type="cond" truecount="1" falsecount="0"/>
      <line num="60" count="2" type="stmt"/>
      <line num="61" count="2" type="cond" truecount="1" falsecount="0"/>
      <line num="62" count="20" type="stmt"/>
      <line num="63" count="20" type="stmt"/>
    </file>
    <file name="linked-list.ts" path="C:\Profiles\Mentoring\data-structures\src\linked-list.ts">
      <metrics statements="182" coveredstatements="182" conditionals="41" coveredconditionals="41" methods="18" coveredmethods="18"/>
      <line num="1" count="1" type="stmt"/>
      <line num="2" count="1" type="stmt"/>
      <line num="3" count="1" type="cond" truecount="1" falsecount="0"/>
      <line num="4" count="20138" type="cond" truecount="1" falsecount="0"/>
      <line num="5" count="14" type="stmt"/>
      <line num="6" count="14" type="stmt"/>
      <line num="7" count="20138" type="stmt"/>
      <line num="8" count="1" type="stmt"/>
      <line num="9" count="20076" type="cond" truecount="1" falsecount="0"/>
      <line num="10" count="20076" type="stmt"/>
      <line num="11" count="20076" type="stmt"/>
      <line num="12" count="20076" type="cond" truecount="1" falsecount="0"/>
      <line num="13" count="20076" type="stmt"/>
      <line num="14" count="20076" type="stmt"/>
      <line num="15" count="20076" type="stmt"/>
      <line num="16" count="20076" type="stmt"/>
      <line num="17" count="1" type="stmt"/>
      <line num="18" count="1" type="stmt"/>
      <line num="19" count="1" type="stmt"/>
      <line num="20" count="1" type="stmt"/>
      <line num="21" count="1" type="stmt"/>
      <line num="22" count="1" type="stmt"/>
      <line num="23" count="1" type="stmt"/>
      <line num="24" count="1" type="stmt"/>
      <line num="25" count="1" type="stmt"/>
      <line num="26" count="1" type="stmt"/>
      <line num="27" count="1" type="cond" truecount="1" falsecount="0"/>
      <line num="28" count="59" type="stmt"/>
      <line num="29" count="59" type="stmt"/>
      <line num="30" count="59" type="stmt"/>
      <line num="31" count="59" type="stmt"/>
      <line num="32" count="59" type="stmt"/>
      <line num="33" count="59" type="cond" truecount="1" falsecount="0"/>
      <line num="34" count="59" type="stmt"/>
      <line num="35" count="59" type="stmt"/>
      <line num="36" count="59" type="cond" truecount="2" falsecount="0"/>
      <line num="37" count="20039" type="stmt"/>
      <line num="38" count="59" type="stmt"/>
      <line num="39" count="59" type="stmt"/>
      <line num="40" count="59" type="stmt"/>
      <line num="41" count="59" type="stmt"/>
      <line num="42" count="59" type="cond" truecount="1" falsecount="0"/>
      <line num="43" count="2" type="stmt"/>
      <line num="44" count="2" type="stmt"/>
      <line num="45" count="2" type="cond" truecount="1" falsecount="0"/>
      <line num="46" count="2" type="stmt"/>
      <line num="47" count="2" type="stmt"/>
      <line num="48" count="2" type="stmt"/>
      <line num="49" count="2" type="stmt"/>
      <line num="50" count="59" type="stmt"/>
      <line num="51" count="59" type="stmt"/>
      <line num="52" count="59" type="cond" truecount="1" falsecount="0"/>
      <line num="53" count="20070" type="stmt"/>
      <line num="54" count="20070" type="stmt"/>
      <line num="55" count="20070" type="cond" truecount="1" falsecount="0"/>
      <line num="56" count="27" type="stmt"/>
      <line num="57" count="27" type="stmt"/>
      <line num="58" count="20070" type="cond" truecount="1" falsecount="0"/>
      <line num="59" count="20043" type="stmt"/>
      <line num="60" count="20043" type="stmt"/>
      <line num="61" count="20043" type="stmt"/>
      <line num="62" count="20043" type="stmt"/>
      <line num="63" count="20070" type="stmt"/>
      <line num="64" count="20070" type="stmt"/>
      <line num="65" count="20070" type="stmt"/>
      <line num="66" count="20070" type="stmt"/>
      <line num="67" count="59" type="stmt"/>
      <line num="68" count="59" type="stmt"/>
      <line num="69" count="59" type="cond" truecount="1" falsecount="0"/>
      <line num="70" count="5" type="cond" truecount="2" falsecount="0"/>
      <line num="71" count="4" type="stmt"/>
      <line num="72" count="5" type="cond" truecount="1" falsecount="0"/>
      <line num="73" count="2" type="stmt"/>
      <line num="74" count="2" type="stmt"/>
      <line num="75" count="2" type="stmt"/>
      <line num="76" count="2" type="stmt"/>
      <line num="77" count="5" type="cond" truecount="1" falsecount="0"/>
      <line num="78" count="1" type="stmt"/>
      <line num="79" count="1" type="stmt"/>
      <line num="80" count="1" type="stmt"/>
      <line num="81" count="1" type="stmt"/>
      <line num="82" count="1" type="stmt"/>
      <line num="83" count="1" type="stmt"/>
      <line num="84" count="1" type="stmt"/>
      <line num="85" count="1" type="stmt"/>
      <line num="86" count="1" type="stmt"/>
      <line num="87" count="1" type="stmt"/>
      <line num="88" count="1" type="stmt"/>
      <line num="89" count="1" type="stmt"/>
      <line num="90" count="1" type="stmt"/>
      <line num="91" count="5" type="stmt"/>
      <line num="92" count="59" type="stmt"/>
      <line num="93" count="59" type="stmt"/>
      <line num="94" count="59" type="cond" truecount="1" falsecount="0"/>
      <line num="95" count="11" type="stmt"/>
      <line num="96" count="11" type="cond" truecount="2" falsecount="0"/>
      <line num="97" count="6" type="stmt"/>
      <line num="98" count="6" type="stmt"/>
      <line num="99" count="6" type="stmt"/>
      <line num="100" count="11" type="cond" truecount="1" falsecount="0"/>
      <line num="101" count="9" type="cond" truecount="2" falsecount="0"/>
      <line num="102" count="3" type="stmt"/>
      <line num="103" count="3" type="stmt"/>
      <line num="104" count="3" type="cond" truecount="1" falsecount="0"/>
      <line num="105" count="6" type="stmt"/>
      <line num="106" count="6" type="stmt"/>
      <line num="107" count="6" type="stmt"/>
      <line num="108" count="6" type="stmt"/>
      <line num="109" count="11" type="stmt"/>
      <line num="110" count="59" type="stmt"/>
      <line num="111" count="59" type="stmt"/>
      <line num="112" count="59" type="cond" truecount="1" falsecount="0"/>
      <line num="113" count="8" type="stmt"/>
      <line num="114" count="8" type="stmt"/>
      <line num="115" count="59" type="stmt"/>
      <line num="116" count="59" type="stmt"/>
      <line num="117" count="59" type="cond" truecount="1" falsecount="0"/>
      <line num="118" count="11" type="cond" truecount="1" falsecount="0"/>
      <line num="119" count="11" type="stmt"/>
      <line num="120" count="11" type="stmt"/>
      <line num="121" count="11" type="cond" truecount="1" falsecount="0"/>
      <line num="122" count="4" type="stmt"/>
      <line num="123" count="4" type="stmt"/>
      <line num="124" count="4" type="stmt"/>
      <line num="125" count="4" type="stmt"/>
      <line num="126" count="4" type="stmt"/>
      <line num="127" count="4" type="stmt"/>
      <line num="128" count="11" type="cond" truecount="1" falsecount="0"/>
      <line num="129" count="2" type="stmt"/>
      <line num="130" count="2" type="stmt"/>
      <line num="131" count="2" type="stmt"/>
      <line num="132" count="2" type="stmt"/>
      <line num="133" count="2" type="stmt"/>
      <line num="134" count="2" type="stmt"/>
      <line num="135" count="2" type="stmt"/>
      <line num="136" count="2" type="stmt"/>
      <line num="137" count="2" type="cond" truecount="1" falsecount="0"/>
      <line num="138" count="6" type="stmt"/>
      <line num="139" count="6" type="stmt"/>
      <line num="140" count="6" type="stmt"/>
      <line num="141" count="11" type="stmt"/>
      <line num="142" count="59" type="stmt"/>
      <line num="143" count="59" type="cond" truecount="1" falsecount="0"/>
      <line num="144" count="6" type="stmt"/>
      <line num="145" count="6" type="stmt"/>
      <line num="146" count="59" type="stmt"/>
      <line num="147" count="59" type="cond" truecount="1" falsecount="0"/>
      <line num="148" count="5" type="stmt"/>
      <line num="149" count="5" type="stmt"/>
      <line num="150" count="59" type="stmt"/>
      <line num="151" count="59" type="stmt"/>
      <line num="152" count="59" type="cond" truecount="1" falsecount="0"/>
      <line num="153" count="16" type="stmt"/>
      <line num="154" count="16" type="stmt"/>
      <line num="155" count="59" type="stmt"/>
      <line num="156" count="59" type="stmt"/>
      <line num="157" count="59" type="cond" truecount="1" falsecount="0"/>
      <line num="158" count="4" type="stmt"/>
      <line num="159" count="4" type="stmt"/>
      <line num="160" count="59" type="stmt"/>
      <line num="161" count="59" type="cond" truecount="1" falsecount="0"/>
      <line num="162" count="3" type="stmt"/>
      <line num="163" count="3" type="stmt"/>
      <line num="164" count="59" type="stmt"/>
      <line num="165" count="59" type="cond" truecount="1" falsecount="0"/>
      <line num="166" count="3" type="stmt"/>
      <line num="167" count="3" type="stmt"/>
      <line num="168" count="59" type="stmt"/>
      <line num="169" count="59" type="stmt"/>
      <line num="170" count="59" type="cond" truecount="1" falsecount="0"/>
      <line num="171" count="2" type="stmt"/>
      <line num="172" count="2" type="stmt"/>
      <line num="173" count="59" type="stmt"/>
      <line num="174" count="59" type="cond" truecount="1" falsecount="0"/>
      <line num="175" count="17" type="stmt"/>
      <line num="176" count="17" type="stmt"/>
      <line num="177" count="17" type="cond" truecount="1" falsecount="0"/>
      <line num="178" count="10046" type="cond" truecount="1" falsecount="0"/>
      <line num="179" count="10045" type="stmt"/>
      <line num="180" count="10045" type="stmt"/>
      <line num="181" count="17" type="stmt"/>
      <line num="182" count="59" type="stmt"/>
    </file>
    <file name="list.ts" path="C:\Profiles\Mentoring\data-structures\src\list.ts">
      <metrics statements="61" coveredstatements="61" conditionals="15" coveredconditionals="14" methods="9" coveredmethods="9"/>
      <line num="1" count="1" type="stmt"/>
      <line num="2" count="1" type="stmt"/>
      <line num="3" count="1" type="stmt"/>
      <line num="4" count="1" type="stmt"/>
      <line num="5" count="1" type="stmt"/>
      <line num="6" count="1" type="stmt"/>
      <line num="7" count="1" type="stmt"/>
      <line num="8" count="1" type="stmt"/>
      <line num="9" count="1" type="stmt"/>
      <line num="10" count="1" type="stmt"/>
      <line num="11" count="1" type="cond" truecount="1" falsecount="0"/>
      <line num="12" count="26" type="stmt"/>
      <line num="13" count="26" type="stmt"/>
      <line num="14" count="26" type="cond" truecount="1" falsecount="0"/>
      <line num="15" count="26" type="stmt"/>
      <line num="16" count="26" type="stmt"/>
      <line num="17" count="26" type="stmt"/>
      <line num="18" count="26" type="cond" truecount="1" falsecount="0"/>
      <line num="19" count="2" type="stmt"/>
      <line num="20" count="2" type="stmt"/>
      <line num="21" count="2" type="stmt"/>
      <line num="22" count="26" type="stmt"/>
      <line num="23" count="26" type="cond" truecount="1" falsecount="0"/>
      <line num="24" count="2" type="cond" truecount="1" falsecount="0"/>
      <line num="25" count="1" type="stmt"/>
      <line num="26" count="1" type="stmt"/>
      <line num="27" count="1" type="stmt"/>
      <line num="28" count="1" type="stmt"/>
      <line num="29" count="1" type="stmt"/>
      <line num="30" count="2" type="stmt"/>
      <line num="31" count="26" type="stmt"/>
      <line num="32" count="26" type="cond" truecount="1" falsecount="0"/>
      <line num="33" count="2" type="cond" truecount="1" falsecount="0"/>
      <line num="34" count="1" type="stmt"/>
      <line num="35" count="1" type="stmt"/>
      <line num="36" count="1" type="stmt"/>
      <line num="37" count="1" type="stmt"/>
      <line num="38" count="2" type="stmt"/>
      <line num="39" count="26" type="stmt"/>
      <line num="40" count="26" type="cond" truecount="1" falsecount="0"/>
      <line num="41" count="2" type="stmt"/>
      <line num="42" count="2" type="stmt"/>
      <line num="43" count="26" type="stmt"/>
      <line num="44" count="26" type="cond" truecount="1" falsecount="0"/>
      <line num="45" count="1" type="stmt"/>
      <line num="46" count="1" type="stmt"/>
      <line num="47" count="26" type="stmt"/>
      <line num="48" count="26" type="cond" truecount="1" falsecount="0"/>
      <line num="49" count="1" type="stmt"/>
      <line num="50" count="1" type="stmt"/>
      <line num="51" count="26" type="stmt"/>
      <line num="52" count="26" type="cond" truecount="1" falsecount="0"/>
      <line num="53" count="1" type="stmt"/>
      <line num="54" count="1" type="stmt"/>
      <line num="55" count="26" type="stmt"/>
      <line num="56" count="26" type="cond" truecount="1" falsecount="0"/>
      <line num="57" count="1" type="cond" truecount="1" falsecount="0"/>
      <line num="58" count="11" type="cond" truecount="1" falsecount="0"/>
      <line num="59" count="10" type="cond" truecount="0" falsecount="1"/>
      <line num="60" count="1" type="stmt"/>
      <line num="61" count="26" type="stmt"/>
    </file>
    <file name="pathfinder.ts" path="C:\Profiles\Mentoring\data-structures\src\pathfinder.ts">
      <metrics statements="69" coveredstatements="69" conditionals="21" coveredconditionals="19" methods="1" coveredmethods="1"/>
      <line num="1" count="1" type="stmt"/>
      <line num="2" count="1" type="stmt"/>
      <line num="3" count="1" type="cond" truecount="1" falsecount="0"/>
      <line num="4" count="89" type="stmt"/>
      <line num="5" count="89" type="stmt"/>
      <line num="6" count="89" type="stmt"/>
      <line num="7" count="89" type="stmt"/>
      <line num="8" count="89" type="stmt"/>
      <line num="9" count="89" type="stmt"/>
      <line num="10" count="89" type="stmt"/>
      <line num="11" count="89" type="stmt"/>
      <line num="12" count="89" type="stmt"/>
      <line num="13" count="89" type="stmt"/>
      <line num="14" count="89" type="stmt"/>
      <line num="15" count="89" type="cond" truecount="1" falsecount="0"/>
      <line num="16" count="79" type="cond" truecount="1" falsecount="0"/>
      <line num="17" count="74" type="cond" truecount="1" falsecount="0"/>
      <line num="18" count="67" type="stmt"/>
      <line num="19" count="89" type="stmt"/>
      <line num="20" count="89" type="cond" truecount="2" falsecount="0"/>
      <line num="21" count="66" type="stmt"/>
      <line num="22" count="66" type="cond" truecount="2" falsecount="0"/>
      <line num="23" count="46" type="cond" truecount="2" falsecount="0"/>
      <line num="24" count="27" type="stmt"/>
      <line num="25" count="27" type="stmt"/>
      <line num="26" count="27" type="stmt"/>
      <line num="27" count="27" type="stmt"/>
      <line num="28" count="89" type="cond" truecount="2" falsecount="0"/>
      <line num="29" count="2" type="stmt"/>
      <line num="30" count="2" type="cond" truecount="1" falsecount="0"/>
      <line num="31" count="25" type="stmt"/>
      <line num="32" count="25" type="stmt"/>
      <line num="33" count="25" type="stmt"/>
      <line num="34" count="25" type="stmt"/>
      <line num="35" count="25" type="stmt"/>
      <line num="36" count="25" type="stmt"/>
      <line num="37" count="25" type="stmt"/>
      <line num="38" count="25" type="stmt"/>
      <line num="39" count="89" type="cond" truecount="1" falsecount="1"/>
      <line num="40" count="25" type="stmt"/>
      <line num="41" count="25" type="stmt"/>
      <line num="42" count="25" type="stmt"/>
      <line num="43" count="25" type="stmt"/>
      <line num="44" count="25" type="stmt"/>
      <line num="45" count="25" type="stmt"/>
      <line num="46" count="25" type="stmt"/>
      <line num="47" count="25" type="stmt"/>
      <line num="48" count="89" type="cond" truecount="2" falsecount="0"/>
      <line num="49" count="21" type="stmt"/>
      <line num="50" count="21" type="stmt"/>
      <line num="51" count="21" type="stmt"/>
      <line num="52" count="21" type="stmt"/>
      <line num="53" count="21" type="stmt"/>
      <line num="54" count="21" type="stmt"/>
      <line num="55" count="21" type="stmt"/>
      <line num="56" count="21" type="stmt"/>
      <line num="57" count="89" type="cond" truecount="2" falsecount="0"/>
      <line num="58" count="15" type="stmt"/>
      <line num="59" count="15" type="stmt"/>
      <line num="60" count="15" type="stmt"/>
      <line num="61" count="15" type="stmt"/>
      <line num="62" count="15" type="stmt"/>
      <line num="63" count="15" type="stmt"/>
      <line num="64" count="15" type="stmt"/>
      <line num="65" count="15" type="stmt"/>
      <line num="66" count="89" type="cond" truecount="1" falsecount="1"/>
      <line num="67" count="15" type="stmt"/>
      <line num="68" count="15" type="stmt"/>
      <line num="69" count="15" type="stmt"/>
    </file>
    <file name="queue.ts" path="C:\Profiles\Mentoring\data-structures\src\queue.ts">
      <metrics statements="31" coveredstatements="31" conditionals="8" coveredconditionals="8" methods="7" coveredmethods="7"/>
      <line num="1" count="1" type="stmt"/>
      <line num="2" count="1" type="stmt"/>
      <line num="3" count="1" type="cond" truecount="1" falsecount="0"/>
      <line num="4" count="9" type="stmt"/>
      <line num="5" count="9" type="cond" truecount="1" falsecount="0"/>
      <line num="6" count="9" type="stmt"/>
      <line num="7" count="9" type="stmt"/>
      <line num="8" count="9" type="stmt"/>
      <line num="9" count="9" type="cond" truecount="1" falsecount="0"/>
      <line num="10" count="29" type="stmt"/>
      <line num="11" count="29" type="stmt"/>
      <line num="12" count="9" type="stmt"/>
      <line num="13" count="9" type="cond" truecount="1" falsecount="0"/>
      <line num="14" count="1" type="stmt"/>
      <line num="15" count="1" type="stmt"/>
      <line num="16" count="1" type="stmt"/>
      <line num="17" count="1" type="stmt"/>
      <line num="18" count="9" type="stmt"/>
      <line num="19" count="9" type="cond" truecount="1" falsecount="0"/>
      <line num="20" count="4" type="stmt"/>
      <line num="21" count="4" type="stmt"/>
      <line num="22" count="9" type="stmt"/>
      <line num="23" count="9" type="cond" truecount="1" falsecount="0"/>
      <line num="24" count="2" type="cond" truecount="1" falsecount="0"/>
      <line num="25" count="1" type="stmt"/>
      <line num="26" count="2" type="stmt"/>
      <line num="27" count="9" type="stmt"/>
      <line num="28" count="9" type="cond" truecount="1" falsecount="0"/>
      <line num="29" count="2" type="stmt"/>
      <line num="30" count="2" type="stmt"/>
      <line num="31" count="9" type="stmt"/>
    </file>
    <file name="sort.ts" path="C:\Profiles\Mentoring\data-structures\src\sort.ts">
      <metrics statements="18" coveredstatements="18" conditionals="4" coveredconditionals="4" methods="1" coveredmethods="1"/>
      <line num="1" count="1" type="cond" truecount="1" falsecount="0"/>
      <line num="2" count="1" type="stmt"/>
      <line num="3" count="1" type="stmt"/>
      <line num="4" count="1" type="stmt"/>
      <line num="5" count="1" type="stmt"/>
      <line num="6" count="1" type="cond" truecount="1" falsecount="0"/>
      <line num="7" count="6" type="stmt"/>
      <line num="8" count="6" type="cond" truecount="1" falsecount="0"/>
      <line num="9" count="21" type="cond" truecount="1" falsecount="0"/>
      <line num="10" count="14" type="stmt"/>
      <line num="11" count="14" type="stmt"/>
      <line num="12" count="14" type="stmt"/>
      <line num="13" count="21" type="stmt"/>
      <line num="14" count="6" type="stmt"/>
      <line num="15" count="1" type="stmt"/>
      <line num="16" count="1" type="stmt"/>
      <line num="17" count="1" type="stmt"/>
      <line num="18" count="1" type="stmt"/>
    </file>
    <file name="stack.ts" path="C:\Profiles\Mentoring\data-structures\src\stack.ts">
      <metrics statements="24" coveredstatements="24" conditionals="8" coveredconditionals="8" methods="7" coveredmethods="7"/>
      <line num="1" count="1" type="cond" truecount="1" falsecount="0"/>
      <line num="2" count="3" type="stmt"/>
      <line num="3" count="3" type="cond" truecount="1" falsecount="0"/>
      <line num="4" count="6" type="stmt"/>
      <line num="5" count="6" type="stmt"/>
      <line num="6" count="6" type="stmt"/>
      <line num="7" count="3" type="cond" truecount="1" falsecount="0"/>
      <line num="8" count="1" type="stmt"/>
      <line num="9" count="1" type="stmt"/>
      <line num="10" count="1" type="stmt"/>
      <line num="11" count="3" type="cond" truecount="1" falsecount="0"/>
      <line num="12" count="2" type="cond" truecount="1" falsecount="0"/>
      <line num="13" count="1" type="stmt"/>
      <line num="14" count="2" type="stmt"/>
      <line num="15" count="3" type="cond" truecount="1" falsecount="0"/>
      <line num="16" count="4" type="stmt"/>
      <line num="17" count="4" type="stmt"/>
      <line num="18" count="3" type="cond" truecount="1" falsecount="0"/>
      <line num="19" count="1" type="stmt"/>
      <line num="20" count="1" type="stmt"/>
      <line num="21" count="3" type="cond" truecount="1" falsecount="0"/>
      <line num="22" count="3" type="stmt"/>
      <line num="23" count="3" type="stmt"/>
      <line num="24" count="3" type="stmt"/>
    </file>
    <file name="tree.ts" path="C:\Profiles\Mentoring\data-structures\src\tree.ts">
      <metrics statements="110" coveredstatements="97" conditionals="20" coveredconditionals="20" methods="12" coveredmethods="10"/>
      <line num="1" count="1" type="stmt"/>
      <line num="2" count="1" type="stmt"/>
      <line num="3" count="1" type="stmt"/>
      <line num="4" count="1" type="stmt"/>
      <line num="5" count="1" type="stmt"/>
      <line num="6" count="1" type="stmt"/>
      <line num="7" count="1" type="stmt"/>
      <line num="8" count="1" type="stmt"/>
      <line num="9" count="7" type="cond" truecount="1" falsecount="0"/>
      <line num="10" count="7" type="stmt"/>
      <line num="11" count="7" type="stmt"/>
      <line num="12" count="7" type="stmt"/>
      <line num="13" count="7" type="stmt"/>
      <line num="14" count="7" type="cond" truecount="1" falsecount="0"/>
      <line num="15" count="7" type="stmt"/>
      <line num="16" count="7" type="stmt"/>
      <line num="17" count="7" type="stmt"/>
      <line num="18" count="7" type="cond" truecount="1" falsecount="0"/>
      <line num="19" count="7" type="stmt"/>
      <line num="20" count="7" type="stmt"/>
      <line num="21" count="7" type="cond" truecount="1" falsecount="0"/>
      <line num="22" count="6" type="stmt"/>
      <line num="23" count="6" type="stmt"/>
      <line num="24" count="6" type="stmt"/>
      <line num="25" count="6" type="stmt"/>
      <line num="26" count="7" type="stmt"/>
      <line num="27" count="7" type="stmt"/>
      <line num="28" count="0" type="stmt"/>
      <line num="29" count="0" type="stmt"/>
      <line num="30" count="0" type="stmt"/>
      <line num="31" count="0" type="stmt"/>
      <line num="32" count="0" type="stmt"/>
      <line num="33" count="0" type="stmt"/>
      <line num="34" count="0" type="stmt"/>
      <line num="35" count="0" type="stmt"/>
      <line num="36" count="0" type="stmt"/>
      <line num="37" count="0" type="stmt"/>
      <line num="38" count="0" type="stmt"/>
      <line num="39" count="7" type="stmt"/>
      <line num="40" count="7" type="stmt"/>
      <line num="41" count="0" type="stmt"/>
      <line num="42" count="0" type="stmt"/>
      <line num="43" count="7" type="stmt"/>
      <line num="44" count="7" type="cond" truecount="1" falsecount="0"/>
      <line num="45" count="6" type="stmt"/>
      <line num="46" count="6" type="stmt"/>
      <line num="47" count="7" type="stmt"/>
      <line num="48" count="7" type="cond" truecount="1" falsecount="0"/>
      <line num="49" count="14" type="cond" truecount="1" falsecount="0"/>
      <line num="50" count="7" type="stmt"/>
      <line num="51" count="7" type="stmt"/>
      <line num="52" count="14" type="cond" truecount="1" falsecount="0"/>
      <line num="53" count="12" type="cond" truecount="1" falsecount="0"/>
      <line num="54" count="28" type="stmt"/>
      <line num="55" count="28" type="stmt"/>
      <line num="56" count="12" type="stmt"/>
      <line num="57" count="14" type="cond" truecount="1" falsecount="0"/>
      <line num="58" count="7" type="stmt"/>
      <line num="59" count="7" type="stmt"/>
      <line num="60" count="14" type="stmt"/>
      <line num="61" count="7" type="stmt"/>
      <line num="62" count="7" type="cond" truecount="1" falsecount="0"/>
      <line num="63" count="1" type="stmt"/>
      <line num="64" count="1" type="stmt"/>
      <line num="65" count="1" type="stmt"/>
      <line num="66" count="1" type="stmt"/>
      <line num="67" count="1" type="stmt"/>
      <line num="68" count="1" type="stmt"/>
      <line num="69" count="1" type="cond" truecount="1" falsecount="0"/>
      <line num="70" count="7" type="stmt"/>
      <line num="71" count="7" type="stmt"/>
      <line num="72" count="7" type="stmt"/>
      <line num="73" count="7" type="cond" truecount="1" falsecount="0"/>
      <line num="74" count="6" type="stmt"/>
      <line num="75" count="6" type="stmt"/>
      <line num="76" count="6" type="stmt"/>
      <line num="77" count="6" type="stmt"/>
      <line num="78" count="6" type="stmt"/>
      <line num="79" count="6" type="stmt"/>
      <line num="80" count="7" type="stmt"/>
      <line num="81" count="1" type="stmt"/>
      <line num="82" count="7" type="stmt"/>
      <line num="83" count="1" type="stmt"/>
      <line num="84" count="1" type="stmt"/>
      <line num="85" count="1" type="cond" truecount="1" falsecount="0"/>
      <line num="86" count="6" type="stmt"/>
      <line num="87" count="6" type="stmt"/>
      <line num="88" count="1" type="stmt"/>
      <line num="89" count="1" type="stmt"/>
      <line num="90" count="1" type="stmt"/>
      <line num="91" count="1" type="cond" truecount="1" falsecount="0"/>
      <line num="92" count="1" type="stmt"/>
      <line num="93" count="1" type="stmt"/>
      <line num="94" count="1" type="stmt"/>
      <line num="95" count="1" type="cond" truecount="1" falsecount="0"/>
      <line num="96" count="2" type="cond" truecount="1" falsecount="0"/>
      <line num="97" count="14" type="cond" truecount="1" falsecount="0"/>
      <line num="98" count="12" type="stmt"/>
      <line num="99" count="12" type="stmt"/>
      <line num="100" count="14" type="stmt"/>
      <line num="101" count="2" type="stmt"/>
      <line num="102" count="1" type="stmt"/>
      <line num="103" count="1" type="cond" truecount="1" falsecount="0"/>
      <line num="104" count="1" type="cond" truecount="1" falsecount="0"/>
      <line num="105" count="6" type="stmt"/>
      <line num="106" count="6" type="stmt"/>
      <line num="107" count="6" type="stmt"/>
      <line num="108" count="6" type="stmt"/>
      <line num="109" count="1" type="stmt"/>
      <line num="110" count="1" type="stmt"/>
    </file>
  </project>
</coverage>
